flutter/sticky_notes/build/app/outputs/mapping/release/mapping.txt
# compiler: R8
# compiler_version: 1.5.64
# min_api: 16
# pg_map_id: fd7f2a5
...
io.flutter.view.AccessibilityBridge$CustomAccessibilityAction -> io.flutter.view.c$g:
    int id -> b
    int overrideId -> c
    java.lang.String hint -> e
    int resourceId -> a
    java.lang.String label -> d
    java.lang.String access$2700(io.flutter.view.AccessibilityBridge$CustomAccessibilityAction) -> a
    java.lang.String access$2702(io.flutter.view.AccessibilityBridge$CustomAccessibilityAction,java.lang.String) -> a
    int access$3102(io.flutter.view.AccessibilityBridge$CustomAccessibilityAction,int) -> a
    int access$3100(io.flutter.view.AccessibilityBridge$CustomAccessibilityAction) -> b
    java.lang.String access$3202(io.flutter.view.AccessibilityBridge$CustomAccessibilityAction,java.lang.String) -> b
    int access$3602(io.flutter.view.AccessibilityBridge$CustomAccessibilityAction,int) -> b
    java.lang.String access$3200(io.flutter.view.AccessibilityBridge$CustomAccessibilityAction) -> c
    int access$3802(io.flutter.view.AccessibilityBridge$CustomAccessibilityAction,int) -> c
    int access$3600(io.flutter.view.AccessibilityBridge$CustomAccessibilityAction) -> d
    int access$3800(io.flutter.view.AccessibilityBridge$CustomAccessibilityAction) -> e
io.flutter.view.AccessibilityBridge$Flag -> io.flutter.view.c$h:
    io.flutter.view.AccessibilityBridge$Flag IS_OBSCURED -> l
    io.flutter.view.AccessibilityBridge$Flag IS_HEADER -> k
    io.flutter.view.AccessibilityBridge$Flag IS_IN_MUTUALLY_EXCLUSIVE_GROUP -> j
    io.flutter.view.AccessibilityBridge$Flag IS_ENABLED -> i
    io.flutter.view.AccessibilityBridge$Flag IS_IMAGE -> p
    io.flutter.view.AccessibilityBridge$Flag IS_HIDDEN -> o
    io.flutter.view.AccessibilityBridge$Flag NAMES_ROUTE -> n
    io.flutter.view.AccessibilityBridge$Flag SCOPES_ROUTE -> m
    io.flutter.view.AccessibilityBridge$Flag HAS_IMPLICIT_SCROLLING -> t
    io.flutter.view.AccessibilityBridge$Flag[] $VALUES -> x
    io.flutter.view.AccessibilityBridge$Flag IS_TOGGLED -> s
    io.flutter.view.AccessibilityBridge$Flag HAS_TOGGLED_STATE -> r
    io.flutter.view.AccessibilityBridge$Flag IS_LIVE_REGION -> q
    io.flutter.view.AccessibilityBridge$Flag IS_LINK -> w
    io.flutter.view.AccessibilityBridge$Flag IS_FOCUSABLE -> v
    io.flutter.view.AccessibilityBridge$Flag IS_READ_ONLY -> u
    int value -> a
    io.flutter.view.AccessibilityBridge$Flag IS_SELECTED -> d
    io.flutter.view.AccessibilityBridge$Flag IS_CHECKED -> c
    io.flutter.view.AccessibilityBridge$Flag HAS_CHECKED_STATE -> b
    io.flutter.view.AccessibilityBridge$Flag HAS_ENABLED_STATE -> h
    io.flutter.view.AccessibilityBridge$Flag IS_FOCUSED -> g
    io.flutter.view.AccessibilityBridge$Flag IS_TEXT_FIELD -> f
io.flutter.view.AccessibilityBridge$OnAccessibilityChangeListener -> io.flutter.view.c$i:
    void onAccessibilityChanged(boolean,boolean) -> a